Analysis & Synthesis report for Exp1
Mon Mar 11 03:30:01 2024
Quartus II 64-Bit Version 13.1.0 Build 162 10/23/2013 SJ Web Edition


---------------------
; Table of Contents ;
---------------------
  1. Legal Notice
  2. Analysis & Synthesis Summary
  3. Analysis & Synthesis Settings
  4. Parallel Compilation
  5. Analysis & Synthesis Source Files Read
  6. Analysis & Synthesis Resource Usage Summary
  7. Analysis & Synthesis Resource Utilization by Entity
  8. General Register Statistics
  9. Multiplexer Restructuring Statistics (Restructuring Performed)
 10. Parameter Settings for User Entity Instance: Top-level Entity: |reg_file
 11. Parameter Settings for User Entity Instance: reg_with_reset_and_write:REG_0
 12. Parameter Settings for User Entity Instance: reg_with_reset_and_write:REG_1
 13. Parameter Settings for User Entity Instance: reg_with_reset_and_write:REG_2
 14. Parameter Settings for User Entity Instance: reg_with_reset_and_write:REG_3
 15. Parameter Settings for User Entity Instance: reg_with_reset_and_write:REG_4
 16. Parameter Settings for User Entity Instance: reg_with_reset_and_write:REG_5
 17. Parameter Settings for User Entity Instance: reg_with_reset_and_write:REG_6
 18. Parameter Settings for User Entity Instance: reg_with_reset_and_write:REG_7
 19. Parameter Settings for User Entity Instance: reg_with_reset_and_write:REG_8
 20. Parameter Settings for User Entity Instance: reg_with_reset_and_write:REG_9
 21. Parameter Settings for User Entity Instance: reg_with_reset_and_write:REG_10
 22. Parameter Settings for User Entity Instance: reg_with_reset_and_write:REG_11
 23. Parameter Settings for User Entity Instance: reg_with_reset_and_write:REG_12
 24. Parameter Settings for User Entity Instance: reg_with_reset_and_write:REG_13
 25. Parameter Settings for User Entity Instance: reg_with_reset_and_write:REG_14
 26. Parameter Settings for User Entity Instance: reg_with_reset_and_write:REG_15
 27. Parameter Settings for User Entity Instance: mux_16_1:MUX_1
 28. Parameter Settings for User Entity Instance: mux_16_1:MUX_2
 29. Port Connectivity Checks: "mux_16_1:MUX_2"
 30. Elapsed Time Per Partition
 31. Analysis & Synthesis Messages



----------------
; Legal Notice ;
----------------
Copyright (C) 1991-2013 Altera Corporation
Your use of Altera Corporation's design tools, logic functions 
and other software and tools, and its AMPP partner logic 
functions, and any output files from any of the foregoing 
(including device programming or simulation files), and any 
associated documentation or information are expressly subject 
to the terms and conditions of the Altera Program License 
Subscription Agreement, Altera MegaCore Function License 
Agreement, or other applicable license agreement, including, 
without limitation, that your use is for the sole purpose of 
programming logic devices manufactured by Altera and sold by 
Altera or its authorized distributors.  Please refer to the 
applicable agreement for further details.



+---------------------------------------------------------------------------------+
; Analysis & Synthesis Summary                                                    ;
+------------------------------------+--------------------------------------------+
; Analysis & Synthesis Status        ; Successful - Mon Mar 11 03:30:01 2024      ;
; Quartus II 64-Bit Version          ; 13.1.0 Build 162 10/23/2013 SJ Web Edition ;
; Revision Name                      ; Exp1                                       ;
; Top-level Entity Name              ; reg_file                                   ;
; Family                             ; Cyclone IV GX                              ;
; Total logic elements               ; 1,187                                      ;
;     Total combinational functions  ; 707                                        ;
;     Dedicated logic registers      ; 512                                        ;
; Total registers                    ; 512                                        ;
; Total pins                         ; 111                                        ;
; Total virtual pins                 ; 0                                          ;
; Total memory bits                  ; 0                                          ;
; Embedded Multiplier 9-bit elements ; 0                                          ;
; Total GXB Receiver Channel PCS     ; 0                                          ;
; Total GXB Receiver Channel PMA     ; 0                                          ;
; Total GXB Transmitter Channel PCS  ; 0                                          ;
; Total GXB Transmitter Channel PMA  ; 0                                          ;
; Total PLLs                         ; 0                                          ;
+------------------------------------+--------------------------------------------+


+----------------------------------------------------------------------------------------------------------------------+
; Analysis & Synthesis Settings                                                                                        ;
+----------------------------------------------------------------------------+--------------------+--------------------+
; Option                                                                     ; Setting            ; Default Value      ;
+----------------------------------------------------------------------------+--------------------+--------------------+
; Top-level entity name                                                      ; reg_file           ; Exp1               ;
; Family name                                                                ; Cyclone IV GX      ; Cyclone IV GX      ;
; Use smart compilation                                                      ; Off                ; Off                ;
; Enable parallel Assembler and TimeQuest Timing Analyzer during compilation ; On                 ; On                 ;
; Enable compact report table                                                ; Off                ; Off                ;
; Restructure Multiplexers                                                   ; Auto               ; Auto               ;
; Create Debugging Nodes for IP Cores                                        ; Off                ; Off                ;
; Preserve fewer node names                                                  ; On                 ; On                 ;
; Disable OpenCore Plus hardware evaluation                                  ; Off                ; Off                ;
; Verilog Version                                                            ; Verilog_2001       ; Verilog_2001       ;
; VHDL Version                                                               ; VHDL_1993          ; VHDL_1993          ;
; State Machine Processing                                                   ; Auto               ; Auto               ;
; Safe State Machine                                                         ; Off                ; Off                ;
; Extract Verilog State Machines                                             ; On                 ; On                 ;
; Extract VHDL State Machines                                                ; On                 ; On                 ;
; Ignore Verilog initial constructs                                          ; Off                ; Off                ;
; Iteration limit for constant Verilog loops                                 ; 5000               ; 5000               ;
; Iteration limit for non-constant Verilog loops                             ; 250                ; 250                ;
; Add Pass-Through Logic to Inferred RAMs                                    ; On                 ; On                 ;
; Infer RAMs from Raw Logic                                                  ; On                 ; On                 ;
; Parallel Synthesis                                                         ; On                 ; On                 ;
; DSP Block Balancing                                                        ; Auto               ; Auto               ;
; NOT Gate Push-Back                                                         ; On                 ; On                 ;
; Power-Up Don't Care                                                        ; On                 ; On                 ;
; Remove Redundant Logic Cells                                               ; Off                ; Off                ;
; Remove Duplicate Registers                                                 ; On                 ; On                 ;
; Ignore CARRY Buffers                                                       ; Off                ; Off                ;
; Ignore CASCADE Buffers                                                     ; Off                ; Off                ;
; Ignore GLOBAL Buffers                                                      ; Off                ; Off                ;
; Ignore ROW GLOBAL Buffers                                                  ; Off                ; Off                ;
; Ignore LCELL Buffers                                                       ; Off                ; Off                ;
; Ignore SOFT Buffers                                                        ; On                 ; On                 ;
; Limit AHDL Integers to 32 Bits                                             ; Off                ; Off                ;
; Optimization Technique                                                     ; Balanced           ; Balanced           ;
; Carry Chain Length                                                         ; 70                 ; 70                 ;
; Auto Carry Chains                                                          ; On                 ; On                 ;
; Auto Open-Drain Pins                                                       ; On                 ; On                 ;
; Perform WYSIWYG Primitive Resynthesis                                      ; Off                ; Off                ;
; Auto ROM Replacement                                                       ; On                 ; On                 ;
; Auto RAM Replacement                                                       ; On                 ; On                 ;
; Auto DSP Block Replacement                                                 ; On                 ; On                 ;
; Auto Shift Register Replacement                                            ; Auto               ; Auto               ;
; Allow Shift Register Merging across Hierarchies                            ; Auto               ; Auto               ;
; Auto Clock Enable Replacement                                              ; On                 ; On                 ;
; Strict RAM Replacement                                                     ; Off                ; Off                ;
; Allow Synchronous Control Signals                                          ; On                 ; On                 ;
; Force Use of Synchronous Clear Signals                                     ; Off                ; Off                ;
; Auto RAM Block Balancing                                                   ; On                 ; On                 ;
; Auto RAM to Logic Cell Conversion                                          ; Off                ; Off                ;
; Auto Resource Sharing                                                      ; Off                ; Off                ;
; Allow Any RAM Size For Recognition                                         ; Off                ; Off                ;
; Allow Any ROM Size For Recognition                                         ; Off                ; Off                ;
; Allow Any Shift Register Size For Recognition                              ; Off                ; Off                ;
; Use LogicLock Constraints during Resource Balancing                        ; On                 ; On                 ;
; Ignore translate_off and synthesis_off directives                          ; Off                ; Off                ;
; Timing-Driven Synthesis                                                    ; On                 ; On                 ;
; Report Parameter Settings                                                  ; On                 ; On                 ;
; Report Source Assignments                                                  ; On                 ; On                 ;
; Report Connectivity Checks                                                 ; On                 ; On                 ;
; Ignore Maximum Fan-Out Assignments                                         ; Off                ; Off                ;
; Synchronization Register Chain Length                                      ; 2                  ; 2                  ;
; PowerPlay Power Optimization                                               ; Normal compilation ; Normal compilation ;
; HDL message level                                                          ; Level2             ; Level2             ;
; Suppress Register Optimization Related Messages                            ; Off                ; Off                ;
; Number of Removed Registers Reported in Synthesis Report                   ; 5000               ; 5000               ;
; Number of Swept Nodes Reported in Synthesis Report                         ; 5000               ; 5000               ;
; Number of Inverted Registers Reported in Synthesis Report                  ; 100                ; 100                ;
; Clock MUX Protection                                                       ; On                 ; On                 ;
; Auto Gated Clock Conversion                                                ; Off                ; Off                ;
; Block Design Naming                                                        ; Auto               ; Auto               ;
; SDC constraint protection                                                  ; Off                ; Off                ;
; Synthesis Effort                                                           ; Auto               ; Auto               ;
; Shift Register Replacement - Allow Asynchronous Clear Signal               ; On                 ; On                 ;
; Pre-Mapping Resynthesis Optimization                                       ; Off                ; Off                ;
; Analysis & Synthesis Message Level                                         ; Medium             ; Medium             ;
; Disable Register Merging Across Hierarchies                                ; Auto               ; Auto               ;
; Resource Aware Inference For Block RAM                                     ; On                 ; On                 ;
; Synthesis Seed                                                             ; 1                  ; 1                  ;
+----------------------------------------------------------------------------+--------------------+--------------------+


Parallel compilation was disabled, but you have multiple processors available. Enable parallel compilation to reduce compilation time.
+-------------------------------------+
; Parallel Compilation                ;
+----------------------------+--------+
; Processors                 ; Number ;
+----------------------------+--------+
; Number detected on machine ; 12     ;
; Maximum allowed            ; 1      ;
+----------------------------+--------+


+----------------------------------------------------------------------------------------------------------------------------------------------------------+
; Analysis & Synthesis Source Files Read                                                                                                                   ;
+----------------------------------+-----------------+------------------------+------------------------------------------------------------------+---------+
; File Name with User-Entered Path ; Used in Netlist ; File Type              ; File Name with Absolute Path                                     ; Library ;
+----------------------------------+-----------------+------------------------+------------------------------------------------------------------+---------+
; decoder_4_16.v                   ; yes             ; User Verilog HDL File  ; C:/Users/alper/Desktop/EE/EE5-2/EE446/decoder_4_16.v             ;         ;
; mux_16_1.v                       ; yes             ; User Verilog HDL File  ; C:/Users/alper/Desktop/EE/EE5-2/EE446/mux_16_1.v                 ;         ;
; reg_with_reset_and_write.v       ; yes             ; User Verilog HDL File  ; C:/Users/alper/Desktop/EE/EE5-2/EE446/reg_with_reset_and_write.v ;         ;
; reg_file.v                       ; yes             ; User Verilog HDL File  ; C:/Users/alper/Desktop/EE/EE5-2/EE446/reg_file.v                 ;         ;
+----------------------------------+-----------------+------------------------+------------------------------------------------------------------+---------+


+---------------------------------------------+
; Analysis & Synthesis Resource Usage Summary ;
+--------------------------+------------------+
; Resource                 ; Usage            ;
+--------------------------+------------------+
; I/O pins                 ; 111              ;
; DSP block 9-bit elements ; 0                ;
; Maximum fan-out node     ; CLK~input        ;
; Maximum fan-out          ; 512              ;
; Total fan-out            ; 4424             ;
; Average fan-out          ; 3.07             ;
+--------------------------+------------------+


+-------------------------------------------------------------------------------------------------------------------------------------------------------------------------------------------------------------------------+
; Analysis & Synthesis Resource Utilization by Entity                                                                                                                                                                     ;
+--------------------------------------+-------------------+--------------+-------------+--------------+---------+-----------+-----------+------+--------------+-------------------------------------------+--------------+
; Compilation Hierarchy Node           ; LC Combinationals ; LC Registers ; Memory Bits ; DSP Elements ; DSP 9x9 ; DSP 18x18 ; DSP 36x36 ; Pins ; Virtual Pins ; Full Hierarchy Name                       ; Library Name ;
+--------------------------------------+-------------------+--------------+-------------+--------------+---------+-----------+-----------+------+--------------+-------------------------------------------+--------------+
; |reg_file                            ; 707 (0)           ; 512 (0)      ; 0           ; 0            ; 0       ; 0         ; 0         ; 111  ; 0            ; |reg_file                                 ; work         ;
;    |decoder_4_16:DEC_4_16_1|         ; 16 (16)           ; 0 (0)        ; 0           ; 0            ; 0       ; 0         ; 0         ; 0    ; 0            ; |reg_file|decoder_4_16:DEC_4_16_1         ; work         ;
;    |mux_16_1:MUX_1|                  ; 320 (320)         ; 0 (0)        ; 0           ; 0            ; 0       ; 0         ; 0         ; 0    ; 0            ; |reg_file|mux_16_1:MUX_1                  ; work         ;
;    |mux_16_1:MUX_2|                  ; 323 (323)         ; 0 (0)        ; 0           ; 0            ; 0       ; 0         ; 0         ; 0    ; 0            ; |reg_file|mux_16_1:MUX_2                  ; work         ;
;    |reg_with_reset_and_write:REG_0|  ; 33 (33)           ; 32 (32)      ; 0           ; 0            ; 0       ; 0         ; 0         ; 0    ; 0            ; |reg_file|reg_with_reset_and_write:REG_0  ; work         ;
;    |reg_with_reset_and_write:REG_10| ; 1 (1)             ; 32 (32)      ; 0           ; 0            ; 0       ; 0         ; 0         ; 0    ; 0            ; |reg_file|reg_with_reset_and_write:REG_10 ; work         ;
;    |reg_with_reset_and_write:REG_11| ; 1 (1)             ; 32 (32)      ; 0           ; 0            ; 0       ; 0         ; 0         ; 0    ; 0            ; |reg_file|reg_with_reset_and_write:REG_11 ; work         ;
;    |reg_with_reset_and_write:REG_12| ; 1 (1)             ; 32 (32)      ; 0           ; 0            ; 0       ; 0         ; 0         ; 0    ; 0            ; |reg_file|reg_with_reset_and_write:REG_12 ; work         ;
;    |reg_with_reset_and_write:REG_13| ; 1 (1)             ; 32 (32)      ; 0           ; 0            ; 0       ; 0         ; 0         ; 0    ; 0            ; |reg_file|reg_with_reset_and_write:REG_13 ; work         ;
;    |reg_with_reset_and_write:REG_14| ; 1 (1)             ; 32 (32)      ; 0           ; 0            ; 0       ; 0         ; 0         ; 0    ; 0            ; |reg_file|reg_with_reset_and_write:REG_14 ; work         ;
;    |reg_with_reset_and_write:REG_15| ; 1 (1)             ; 32 (32)      ; 0           ; 0            ; 0       ; 0         ; 0         ; 0    ; 0            ; |reg_file|reg_with_reset_and_write:REG_15 ; work         ;
;    |reg_with_reset_and_write:REG_1|  ; 1 (1)             ; 32 (32)      ; 0           ; 0            ; 0       ; 0         ; 0         ; 0    ; 0            ; |reg_file|reg_with_reset_and_write:REG_1  ; work         ;
;    |reg_with_reset_and_write:REG_2|  ; 1 (1)             ; 32 (32)      ; 0           ; 0            ; 0       ; 0         ; 0         ; 0    ; 0            ; |reg_file|reg_with_reset_and_write:REG_2  ; work         ;
;    |reg_with_reset_and_write:REG_3|  ; 1 (1)             ; 32 (32)      ; 0           ; 0            ; 0       ; 0         ; 0         ; 0    ; 0            ; |reg_file|reg_with_reset_and_write:REG_3  ; work         ;
;    |reg_with_reset_and_write:REG_4|  ; 1 (1)             ; 32 (32)      ; 0           ; 0            ; 0       ; 0         ; 0         ; 0    ; 0            ; |reg_file|reg_with_reset_and_write:REG_4  ; work         ;
;    |reg_with_reset_and_write:REG_5|  ; 1 (1)             ; 32 (32)      ; 0           ; 0            ; 0       ; 0         ; 0         ; 0    ; 0            ; |reg_file|reg_with_reset_and_write:REG_5  ; work         ;
;    |reg_with_reset_and_write:REG_6|  ; 1 (1)             ; 32 (32)      ; 0           ; 0            ; 0       ; 0         ; 0         ; 0    ; 0            ; |reg_file|reg_with_reset_and_write:REG_6  ; work         ;
;    |reg_with_reset_and_write:REG_7|  ; 1 (1)             ; 32 (32)      ; 0           ; 0            ; 0       ; 0         ; 0         ; 0    ; 0            ; |reg_file|reg_with_reset_and_write:REG_7  ; work         ;
;    |reg_with_reset_and_write:REG_8|  ; 1 (1)             ; 32 (32)      ; 0           ; 0            ; 0       ; 0         ; 0         ; 0    ; 0            ; |reg_file|reg_with_reset_and_write:REG_8  ; work         ;
;    |reg_with_reset_and_write:REG_9|  ; 1 (1)             ; 32 (32)      ; 0           ; 0            ; 0       ; 0         ; 0         ; 0    ; 0            ; |reg_file|reg_with_reset_and_write:REG_9  ; work         ;
+--------------------------------------+-------------------+--------------+-------------+--------------+---------+-----------+-----------+------+--------------+-------------------------------------------+--------------+
Note: For table entries with two numbers listed, the numbers in parentheses indicate the number of resources of the given type used by the specific entity alone. The numbers listed outside of parentheses indicate the total resources of the given type used by the specific entity and all of its sub-entities in the hierarchy.


+------------------------------------------------------+
; General Register Statistics                          ;
+----------------------------------------------+-------+
; Statistic                                    ; Value ;
+----------------------------------------------+-------+
; Total registers                              ; 512   ;
; Number of registers using Synchronous Clear  ; 0     ;
; Number of registers using Synchronous Load   ; 0     ;
; Number of registers using Asynchronous Clear ; 0     ;
; Number of registers using Asynchronous Load  ; 0     ;
; Number of registers using Clock Enable       ; 512   ;
; Number of registers using Preset             ; 0     ;
+----------------------------------------------+-------+


+-----------------------------------------------------------------------------------------------------------------------------------------------------------------+
; Multiplexer Restructuring Statistics (Restructuring Performed)                                                                                                  ;
+--------------------+-----------+---------------+----------------------+------------------------+------------+---------------------------------------------------+
; Multiplexer Inputs ; Bus Width ; Baseline Area ; Area if Restructured ; Saving if Restructured ; Registered ; Example Multiplexer Output                        ;
+--------------------+-----------+---------------+----------------------+------------------------+------------+---------------------------------------------------+
; 3:1                ; 32 bits   ; 64 LEs        ; 32 LEs               ; 32 LEs                 ; Yes        ; |reg_file|reg_with_reset_and_write:REG_0|OUT[5]   ;
; 3:1                ; 32 bits   ; 64 LEs        ; 32 LEs               ; 32 LEs                 ; Yes        ; |reg_file|reg_with_reset_and_write:REG_1|OUT[12]  ;
; 3:1                ; 32 bits   ; 64 LEs        ; 32 LEs               ; 32 LEs                 ; Yes        ; |reg_file|reg_with_reset_and_write:REG_2|OUT[12]  ;
; 3:1                ; 32 bits   ; 64 LEs        ; 32 LEs               ; 32 LEs                 ; Yes        ; |reg_file|reg_with_reset_and_write:REG_3|OUT[12]  ;
; 3:1                ; 32 bits   ; 64 LEs        ; 32 LEs               ; 32 LEs                 ; Yes        ; |reg_file|reg_with_reset_and_write:REG_4|OUT[22]  ;
; 3:1                ; 32 bits   ; 64 LEs        ; 32 LEs               ; 32 LEs                 ; Yes        ; |reg_file|reg_with_reset_and_write:REG_5|OUT[12]  ;
; 3:1                ; 32 bits   ; 64 LEs        ; 32 LEs               ; 32 LEs                 ; Yes        ; |reg_file|reg_with_reset_and_write:REG_6|OUT[4]   ;
; 3:1                ; 32 bits   ; 64 LEs        ; 32 LEs               ; 32 LEs                 ; Yes        ; |reg_file|reg_with_reset_and_write:REG_7|OUT[22]  ;
; 3:1                ; 32 bits   ; 64 LEs        ; 32 LEs               ; 32 LEs                 ; Yes        ; |reg_file|reg_with_reset_and_write:REG_8|OUT[9]   ;
; 3:1                ; 32 bits   ; 64 LEs        ; 32 LEs               ; 32 LEs                 ; Yes        ; |reg_file|reg_with_reset_and_write:REG_9|OUT[23]  ;
; 3:1                ; 32 bits   ; 64 LEs        ; 32 LEs               ; 32 LEs                 ; Yes        ; |reg_file|reg_with_reset_and_write:REG_10|OUT[0]  ;
; 3:1                ; 32 bits   ; 64 LEs        ; 32 LEs               ; 32 LEs                 ; Yes        ; |reg_file|reg_with_reset_and_write:REG_11|OUT[19] ;
; 3:1                ; 32 bits   ; 64 LEs        ; 32 LEs               ; 32 LEs                 ; Yes        ; |reg_file|reg_with_reset_and_write:REG_12|OUT[11] ;
; 3:1                ; 32 bits   ; 64 LEs        ; 32 LEs               ; 32 LEs                 ; Yes        ; |reg_file|reg_with_reset_and_write:REG_13|OUT[14] ;
; 3:1                ; 32 bits   ; 64 LEs        ; 32 LEs               ; 32 LEs                 ; Yes        ; |reg_file|reg_with_reset_and_write:REG_14|OUT[14] ;
; 3:1                ; 32 bits   ; 64 LEs        ; 32 LEs               ; 32 LEs                 ; Yes        ; |reg_file|reg_with_reset_and_write:REG_15|OUT[7]  ;
; 16:1               ; 32 bits   ; 320 LEs       ; 320 LEs              ; 0 LEs                  ; No         ; |reg_file|mux_16_1:MUX_1|Mux29                    ;
; 16:1               ; 31 bits   ; 310 LEs       ; 310 LEs              ; 0 LEs                  ; No         ; |reg_file|mux_16_1:MUX_2|Mux0                     ;
+--------------------+-----------+---------------+----------------------+------------------------+------------+---------------------------------------------------+


+--------------------------------------------------------------------------+
; Parameter Settings for User Entity Instance: Top-level Entity: |reg_file ;
+----------------+-------+-------------------------------------------------+
; Parameter Name ; Value ; Type                                            ;
+----------------+-------+-------------------------------------------------+
; WIDTH          ; 32    ; Signed Integer                                  ;
+----------------+-------+-------------------------------------------------+
Note: In order to hide this table in the UI and the text report file, please set the "Show Parameter Settings in Synthesis Report" option in "Analysis and Synthesis Settings -> More Settings" to "Off".


+-----------------------------------------------------------------------------+
; Parameter Settings for User Entity Instance: reg_with_reset_and_write:REG_0 ;
+----------------+-------+----------------------------------------------------+
; Parameter Name ; Value ; Type                                               ;
+----------------+-------+----------------------------------------------------+
; W              ; 32    ; Signed Integer                                     ;
+----------------+-------+----------------------------------------------------+
Note: In order to hide this table in the UI and the text report file, please set the "Show Parameter Settings in Synthesis Report" option in "Analysis and Synthesis Settings -> More Settings" to "Off".


+-----------------------------------------------------------------------------+
; Parameter Settings for User Entity Instance: reg_with_reset_and_write:REG_1 ;
+----------------+-------+----------------------------------------------------+
; Parameter Name ; Value ; Type                                               ;
+----------------+-------+----------------------------------------------------+
; W              ; 32    ; Signed Integer                                     ;
+----------------+-------+----------------------------------------------------+
Note: In order to hide this table in the UI and the text report file, please set the "Show Parameter Settings in Synthesis Report" option in "Analysis and Synthesis Settings -> More Settings" to "Off".


+-----------------------------------------------------------------------------+
; Parameter Settings for User Entity Instance: reg_with_reset_and_write:REG_2 ;
+----------------+-------+----------------------------------------------------+
; Parameter Name ; Value ; Type                                               ;
+----------------+-------+----------------------------------------------------+
; W              ; 32    ; Signed Integer                                     ;
+----------------+-------+----------------------------------------------------+
Note: In order to hide this table in the UI and the text report file, please set the "Show Parameter Settings in Synthesis Report" option in "Analysis and Synthesis Settings -> More Settings" to "Off".


+-----------------------------------------------------------------------------+
; Parameter Settings for User Entity Instance: reg_with_reset_and_write:REG_3 ;
+----------------+-------+----------------------------------------------------+
; Parameter Name ; Value ; Type                                               ;
+----------------+-------+----------------------------------------------------+
; W              ; 32    ; Signed Integer                                     ;
+----------------+-------+----------------------------------------------------+
Note: In order to hide this table in the UI and the text report file, please set the "Show Parameter Settings in Synthesis Report" option in "Analysis and Synthesis Settings -> More Settings" to "Off".


+-----------------------------------------------------------------------------+
; Parameter Settings for User Entity Instance: reg_with_reset_and_write:REG_4 ;
+----------------+-------+----------------------------------------------------+
; Parameter Name ; Value ; Type                                               ;
+----------------+-------+----------------------------------------------------+
; W              ; 32    ; Signed Integer                                     ;
+----------------+-------+----------------------------------------------------+
Note: In order to hide this table in the UI and the text report file, please set the "Show Parameter Settings in Synthesis Report" option in "Analysis and Synthesis Settings -> More Settings" to "Off".


+-----------------------------------------------------------------------------+
; Parameter Settings for User Entity Instance: reg_with_reset_and_write:REG_5 ;
+----------------+-------+----------------------------------------------------+
; Parameter Name ; Value ; Type                                               ;
+----------------+-------+----------------------------------------------------+
; W              ; 32    ; Signed Integer                                     ;
+----------------+-------+----------------------------------------------------+
Note: In order to hide this table in the UI and the text report file, please set the "Show Parameter Settings in Synthesis Report" option in "Analysis and Synthesis Settings -> More Settings" to "Off".


+-----------------------------------------------------------------------------+
; Parameter Settings for User Entity Instance: reg_with_reset_and_write:REG_6 ;
+----------------+-------+----------------------------------------------------+
; Parameter Name ; Value ; Type                                               ;
+----------------+-------+----------------------------------------------------+
; W              ; 32    ; Signed Integer                                     ;
+----------------+-------+----------------------------------------------------+
Note: In order to hide this table in the UI and the text report file, please set the "Show Parameter Settings in Synthesis Report" option in "Analysis and Synthesis Settings -> More Settings" to "Off".


+-----------------------------------------------------------------------------+
; Parameter Settings for User Entity Instance: reg_with_reset_and_write:REG_7 ;
+----------------+-------+----------------------------------------------------+
; Parameter Name ; Value ; Type                                               ;
+----------------+-------+----------------------------------------------------+
; W              ; 32    ; Signed Integer                                     ;
+----------------+-------+----------------------------------------------------+
Note: In order to hide this table in the UI and the text report file, please set the "Show Parameter Settings in Synthesis Report" option in "Analysis and Synthesis Settings -> More Settings" to "Off".


+-----------------------------------------------------------------------------+
; Parameter Settings for User Entity Instance: reg_with_reset_and_write:REG_8 ;
+----------------+-------+----------------------------------------------------+
; Parameter Name ; Value ; Type                                               ;
+----------------+-------+----------------------------------------------------+
; W              ; 32    ; Signed Integer                                     ;
+----------------+-------+----------------------------------------------------+
Note: In order to hide this table in the UI and the text report file, please set the "Show Parameter Settings in Synthesis Report" option in "Analysis and Synthesis Settings -> More Settings" to "Off".


+-----------------------------------------------------------------------------+
; Parameter Settings for User Entity Instance: reg_with_reset_and_write:REG_9 ;
+----------------+-------+----------------------------------------------------+
; Parameter Name ; Value ; Type                                               ;
+----------------+-------+----------------------------------------------------+
; W              ; 32    ; Signed Integer                                     ;
+----------------+-------+----------------------------------------------------+
Note: In order to hide this table in the UI and the text report file, please set the "Show Parameter Settings in Synthesis Report" option in "Analysis and Synthesis Settings -> More Settings" to "Off".


+------------------------------------------------------------------------------+
; Parameter Settings for User Entity Instance: reg_with_reset_and_write:REG_10 ;
+----------------+-------+-----------------------------------------------------+
; Parameter Name ; Value ; Type                                                ;
+----------------+-------+-----------------------------------------------------+
; W              ; 32    ; Signed Integer                                      ;
+----------------+-------+-----------------------------------------------------+
Note: In order to hide this table in the UI and the text report file, please set the "Show Parameter Settings in Synthesis Report" option in "Analysis and Synthesis Settings -> More Settings" to "Off".


+------------------------------------------------------------------------------+
; Parameter Settings for User Entity Instance: reg_with_reset_and_write:REG_11 ;
+----------------+-------+-----------------------------------------------------+
; Parameter Name ; Value ; Type                                                ;
+----------------+-------+-----------------------------------------------------+
; W              ; 32    ; Signed Integer                                      ;
+----------------+-------+-----------------------------------------------------+
Note: In order to hide this table in the UI and the text report file, please set the "Show Parameter Settings in Synthesis Report" option in "Analysis and Synthesis Settings -> More Settings" to "Off".


+------------------------------------------------------------------------------+
; Parameter Settings for User Entity Instance: reg_with_reset_and_write:REG_12 ;
+----------------+-------+-----------------------------------------------------+
; Parameter Name ; Value ; Type                                                ;
+----------------+-------+-----------------------------------------------------+
; W              ; 32    ; Signed Integer                                      ;
+----------------+-------+-----------------------------------------------------+
Note: In order to hide this table in the UI and the text report file, please set the "Show Parameter Settings in Synthesis Report" option in "Analysis and Synthesis Settings -> More Settings" to "Off".


+------------------------------------------------------------------------------+
; Parameter Settings for User Entity Instance: reg_with_reset_and_write:REG_13 ;
+----------------+-------+-----------------------------------------------------+
; Parameter Name ; Value ; Type                                                ;
+----------------+-------+-----------------------------------------------------+
; W              ; 32    ; Signed Integer                                      ;
+----------------+-------+-----------------------------------------------------+
Note: In order to hide this table in the UI and the text report file, please set the "Show Parameter Settings in Synthesis Report" option in "Analysis and Synthesis Settings -> More Settings" to "Off".


+------------------------------------------------------------------------------+
; Parameter Settings for User Entity Instance: reg_with_reset_and_write:REG_14 ;
+----------------+-------+-----------------------------------------------------+
; Parameter Name ; Value ; Type                                                ;
+----------------+-------+-----------------------------------------------------+
; W              ; 32    ; Signed Integer                                      ;
+----------------+-------+-----------------------------------------------------+
Note: In order to hide this table in the UI and the text report file, please set the "Show Parameter Settings in Synthesis Report" option in "Analysis and Synthesis Settings -> More Settings" to "Off".


+------------------------------------------------------------------------------+
; Parameter Settings for User Entity Instance: reg_with_reset_and_write:REG_15 ;
+----------------+-------+-----------------------------------------------------+
; Parameter Name ; Value ; Type                                                ;
+----------------+-------+-----------------------------------------------------+
; W              ; 32    ; Signed Integer                                      ;
+----------------+-------+-----------------------------------------------------+
Note: In order to hide this table in the UI and the text report file, please set the "Show Parameter Settings in Synthesis Report" option in "Analysis and Synthesis Settings -> More Settings" to "Off".


+-------------------------------------------------------------+
; Parameter Settings for User Entity Instance: mux_16_1:MUX_1 ;
+----------------+-------+------------------------------------+
; Parameter Name ; Value ; Type                               ;
+----------------+-------+------------------------------------+
; W              ; 32    ; Signed Integer                     ;
+----------------+-------+------------------------------------+
Note: In order to hide this table in the UI and the text report file, please set the "Show Parameter Settings in Synthesis Report" option in "Analysis and Synthesis Settings -> More Settings" to "Off".


+-------------------------------------------------------------+
; Parameter Settings for User Entity Instance: mux_16_1:MUX_2 ;
+----------------+-------+------------------------------------+
; Parameter Name ; Value ; Type                               ;
+----------------+-------+------------------------------------+
; W              ; 32    ; Signed Integer                     ;
+----------------+-------+------------------------------------+
Note: In order to hide this table in the UI and the text report file, please set the "Show Parameter Settings in Synthesis Report" option in "Analysis and Synthesis Settings -> More Settings" to "Off".


+--------------------------------------------------------------------------------------------------------------------------------------------------------------------------------+
; Port Connectivity Checks: "mux_16_1:MUX_2"                                                                                                                                     ;
+---------+-------+----------+---------------------------------------------------------------------------------------------------------------------------------------------------+
; Port    ; Type  ; Severity ; Details                                                                                                                                           ;
+---------+-------+----------+---------------------------------------------------------------------------------------------------------------------------------------------------+
; DATA_15 ; Input ; Warning  ; Input port expression (1 bits) is smaller than the input port (32 bits) it drives.  Extra input bit(s) "DATA_15[31..1]" will be connected to GND. ;
+---------+-------+----------+---------------------------------------------------------------------------------------------------------------------------------------------------+


+-------------------------------+
; Elapsed Time Per Partition    ;
+----------------+--------------+
; Partition Name ; Elapsed Time ;
+----------------+--------------+
; Top            ; 00:00:01     ;
+----------------+--------------+


+-------------------------------+
; Analysis & Synthesis Messages ;
+-------------------------------+
Info: *******************************************************************
Info: Running Quartus II 64-Bit Analysis & Synthesis
    Info: Version 13.1.0 Build 162 10/23/2013 SJ Web Edition
    Info: Processing started: Mon Mar 11 03:29:58 2024
Info: Command: quartus_map --read_settings_files=on --write_settings_files=off Exp1 -c Exp1
Warning (20028): Parallel compilation is not licensed and has been disabled
Info (12021): Found 1 design units, including 1 entities, in source file decoder_2_4.v
    Info (12023): Found entity 1: decoder_2_4
Info (12021): Found 1 design units, including 1 entities, in source file decoder_4_16.v
    Info (12023): Found entity 1: decoder_4_16
Info (12021): Found 1 design units, including 1 entities, in source file mux_2_1.v
    Info (12023): Found entity 1: mux_2_1
Info (12021): Found 1 design units, including 1 entities, in source file mux_4_1.v
    Info (12023): Found entity 1: mux_4_1
Info (12021): Found 1 design units, including 1 entities, in source file mux_16_1.v
    Info (12023): Found entity 1: mux_16_1
Info (12021): Found 1 design units, including 1 entities, in source file shifter.v
    Info (12023): Found entity 1: shifter
Info (12021): Found 1 design units, including 1 entities, in source file alu.v
    Info (12023): Found entity 1: alu
Info (12021): Found 1 design units, including 1 entities, in source file reg_with_reset.v
    Info (12023): Found entity 1: reg_with_reset
Info (12021): Found 1 design units, including 1 entities, in source file reg_with_reset_and_write.v
    Info (12023): Found entity 1: reg_with_reset_and_write
Info (12021): Found 1 design units, including 1 entities, in source file mem_unit.v
    Info (12023): Found entity 1: mem_unit
Info (12021): Found 1 design units, including 1 entities, in source file seven_segment_converter.v
    Info (12023): Found entity 1: seven_segment_converter
Info (12021): Found 1 design units, including 1 entities, in source file reg_file.v
    Info (12023): Found entity 1: reg_file
Info (12021): Found 1 design units, including 1 entities, in source file datapath.v
    Info (12023): Found entity 1: datapath
Info (12127): Elaborating entity "reg_file" for the top level hierarchy
Info (12128): Elaborating entity "decoder_4_16" for hierarchy "decoder_4_16:DEC_4_16_1"
Info (12128): Elaborating entity "reg_with_reset_and_write" for hierarchy "reg_with_reset_and_write:REG_0"
Info (12128): Elaborating entity "mux_16_1" for hierarchy "mux_16_1:MUX_1"
Warning (12241): 1 hierarchies have connectivity warnings - see the Connectivity Checks report folder
Info (286030): Timing-Driven Synthesis is running
Info (16010): Generating hard_block partition "hard_block:auto_generated_inst"
    Info (16011): Adding 0 node(s), including 0 DDIO, 0 PLL, 0 transceiver and 0 LCELL
Info (21057): Implemented 1330 device resources after synthesis - the final resource count might be different
    Info (21058): Implemented 47 input pins
    Info (21059): Implemented 64 output pins
    Info (21061): Implemented 1219 logic cells
Info: Quartus II 64-Bit Analysis & Synthesis was successful. 0 errors, 2 warnings
    Info: Peak virtual memory: 4678 megabytes
    Info: Processing ended: Mon Mar 11 03:30:01 2024
    Info: Elapsed time: 00:00:03
    Info: Total CPU time (on all processors): 00:00:02


