Flow report for Exp3
Thu Apr 11 03:58:07 2024
Quartus II 64-Bit Version 13.1.0 Build 162 10/23/2013 SJ Web Edition


---------------------
; Table of Contents ;
---------------------
  1. Legal Notice
  2. Flow Summary
  3. Flow Settings
  4. Flow Non-Default Global Settings
  5. Flow Elapsed Time
  6. Flow OS Summary
  7. Flow Log
  8. Flow Messages
  9. Flow Suppressed Messages



----------------
; Legal Notice ;
----------------
Copyright (C) 1991-2013 Altera Corporation
Your use of Altera Corporation's design tools, logic functions 
and other software and tools, and its AMPP partner logic 
functions, and any output files from any of the foregoing 
(including device programming or simulation files), and any 
associated documentation or information are expressly subject 
to the terms and conditions of the Altera Program License 
Subscription Agreement, Altera MegaCore Function License 
Agreement, or other applicable license agreement, including, 
without limitation, that your use is for the sole purpose of 
programming logic devices manufactured by Altera and sold by 
Altera or its authorized distributors.  Please refer to the 
applicable agreement for further details.



+---------------------------------------------------------------------------------+
; Flow Summary                                                                    ;
+------------------------------------+--------------------------------------------+
; Flow Status                        ; Successful - Thu Apr 11 03:58:07 2024      ;
; Quartus II 64-Bit Version          ; 13.1.0 Build 162 10/23/2013 SJ Web Edition ;
; Revision Name                      ; Exp3                                       ;
; Top-level Entity Name              ; Multi_Cycle_Computer                       ;
; Family                             ; Cyclone IV GX                              ;
; Total logic elements               ; 6,313 / 21,280 ( 30 % )                    ;
;     Total combinational functions  ; 6,066 / 21,280 ( 29 % )                    ;
;     Dedicated logic registers      ; 1,348 / 21,280 ( 6 % )                     ;
; Total registers                    ; 1348                                       ;
; Total pins                         ; 74 / 167 ( 44 % )                          ;
; Total virtual pins                 ; 0                                          ;
; Total memory bits                  ; 0 / 774,144 ( 0 % )                        ;
; Embedded Multiplier 9-bit elements ; 0 / 80 ( 0 % )                             ;
; Total GXB Receiver Channel PCS     ; 0 / 4 ( 0 % )                              ;
; Total GXB Receiver Channel PMA     ; 0 / 4 ( 0 % )                              ;
; Total GXB Transmitter Channel PCS  ; 0 / 4 ( 0 % )                              ;
; Total GXB Transmitter Channel PMA  ; 0 / 4 ( 0 % )                              ;
; Total PLLs                         ; 0 / 4 ( 0 % )                              ;
; Device                             ; EP4CGX22CF19C6                             ;
; Timing Models                      ; Final                                      ;
+------------------------------------+--------------------------------------------+


+-----------------------------------------+
; Flow Settings                           ;
+-------------------+---------------------+
; Option            ; Setting             ;
+-------------------+---------------------+
; Start date & time ; 04/11/2024 03:56:22 ;
; Main task         ; Compilation         ;
; Revision Name     ; Exp3                ;
+-------------------+---------------------+


+----------------------------------------------------------------------------------------------------------------------------+
; Flow Non-Default Global Settings                                                                                           ;
+-------------------------------------+------------------------------+---------------+----------------------+----------------+
; Assignment Name                     ; Value                        ; Default Value ; Entity Name          ; Section Id     ;
+-------------------------------------+------------------------------+---------------+----------------------+----------------+
; COMPILER_SIGNATURE_ID               ; 929340832900.171279698207608 ; --            ; --                   ; --             ;
; EDA_OUTPUT_DATA_FORMAT              ; Verilog Hdl                  ; --            ; --                   ; eda_simulation ;
; EDA_SIMULATION_TOOL                 ; ModelSim-Altera (Verilog)    ; <None>        ; --                   ; --             ;
; PARTITION_COLOR                     ; 16764057                     ; --            ; Multi_Cycle_Computer ; Top            ;
; PARTITION_FITTER_PRESERVATION_LEVEL ; PLACEMENT_AND_ROUTING        ; --            ; Multi_Cycle_Computer ; Top            ;
; PARTITION_NETLIST_TYPE              ; SOURCE                       ; --            ; Multi_Cycle_Computer ; Top            ;
; PROJECT_OUTPUT_DIRECTORY            ; output_files                 ; --            ; --                   ; --             ;
; TOP_LEVEL_ENTITY                    ; Multi_Cycle_Computer         ; Exp3          ; --                   ; --             ;
+-------------------------------------+------------------------------+---------------+----------------------+----------------+


+-------------------------------------------------------------------------------------------------------------------------------+
; Flow Elapsed Time                                                                                                             ;
+---------------------------+--------------+-------------------------+---------------------+------------------------------------+
; Module Name               ; Elapsed Time ; Average Processors Used ; Peak Virtual Memory ; Total CPU Time (on all processors) ;
+---------------------------+--------------+-------------------------+---------------------+------------------------------------+
; Analysis & Synthesis      ; 00:00:34     ; 1.0                     ; 4698 MB             ; 00:00:33                           ;
; Fitter                    ; 00:00:47     ; 1.0                     ; 5153 MB             ; 00:00:47                           ;
; Assembler                 ; 00:00:02     ; 1.0                     ; 4653 MB             ; 00:00:02                           ;
; TimeQuest Timing Analyzer ; 00:00:08     ; 1.0                     ; 4701 MB             ; 00:00:06                           ;
; EDA Netlist Writer        ; 00:00:07     ; 1.0                     ; 4670 MB             ; 00:00:06                           ;
; Total                     ; 00:01:38     ; --                      ; --                  ; 00:01:34                           ;
+---------------------------+--------------+-------------------------+---------------------+------------------------------------+


+----------------------------------------------------------------------------------------+
; Flow OS Summary                                                                        ;
+---------------------------+------------------+-----------+------------+----------------+
; Module Name               ; Machine Hostname ; OS Name   ; OS Version ; Processor type ;
+---------------------------+------------------+-----------+------------+----------------+
; Analysis & Synthesis      ; DESKTOP-RGQL3N7  ; Windows 7 ; 6.2        ; x86_64         ;
; Fitter                    ; DESKTOP-RGQL3N7  ; Windows 7 ; 6.2        ; x86_64         ;
; Assembler                 ; DESKTOP-RGQL3N7  ; Windows 7 ; 6.2        ; x86_64         ;
; TimeQuest Timing Analyzer ; DESKTOP-RGQL3N7  ; Windows 7 ; 6.2        ; x86_64         ;
; EDA Netlist Writer        ; DESKTOP-RGQL3N7  ; Windows 7 ; 6.2        ; x86_64         ;
+---------------------------+------------------+-----------+------------+----------------+


------------
; Flow Log ;
------------
quartus_map --read_settings_files=on --write_settings_files=off Exp3 -c Exp3
quartus_fit --read_settings_files=off --write_settings_files=off Exp3 -c Exp3
quartus_asm --read_settings_files=off --write_settings_files=off Exp3 -c Exp3
quartus_sta Exp3 -c Exp3
quartus_eda --read_settings_files=off --write_settings_files=off Exp3 -c Exp3



